# JRE version: OpenJDK Runtime Environment AdoptOpenJDK-11.0.11+9 (11.0.11+9) (build 11.0.11+9)
# Java VM: OpenJDK 64-Bit Server VM AdoptOpenJDK-11.0.11+9 (11.0.11+9, mixed mode, tiered, compressed oops, g1 gc, bsd-amd64)
Heap:
 garbage-first heap   total 131072K, used 29423K [0x0000000780000000, 0x0000000800000000)
  region size 1024K, 21 young (21504K), 9 survivors (9216K)
 Metaspace       used 55655K, capacity 56964K, committed 57296K, reserved 1099776K
  class space    used 6900K, capacity 7448K, committed 7552K, reserved 1048576K
GC Heap History (8 events):
Event: 0.321 GC heap before
{Heap before GC invocations=0 (full 0):
 garbage-first heap   total 131072K, used 14336K [0x0000000780000000, 0x0000000800000000)
  region size 1024K, 14 young (14336K), 0 survivors (0K)
 Metaspace       used 6507K, capacity 6610K, committed 6784K, reserved 1056768K
  class space    used 582K, capacity 607K, committed 640K, reserved 1048576K
}
Event: 0.324 GC heap after
{Heap after GC invocations=1 (full 0):
 garbage-first heap   total 131072K, used 1941K [0x0000000780000000, 0x0000000800000000)
  region size 1024K, 1 young (1024K), 1 survivors (1024K)
 Metaspace       used 6507K, capacity 6610K, committed 6784K, reserved 1056768K
  class space    used 582K, capacity 607K, committed 640K, reserved 1048576K
}
Event: 1.702 GC heap before
{Heap before GC invocations=1 (full 0):
 garbage-first heap   total 131072K, used 73621K [0x0000000780000000, 0x0000000800000000)
  region size 1024K, 72 young (73728K), 1 survivors (1024K)
 Metaspace       used 20564K, capacity 21000K, committed 21296K, reserved 1069056K
  class space    used 2412K, capacity 2640K, committed 2688K, reserved 1048576K
}
Event: 1.711 GC heap after
{Heap after GC invocations=2 (full 0):
 garbage-first heap   total 131072K, used 6871K [0x0000000780000000, 0x0000000800000000)
  region size 1024K, 6 young (6144K), 6 survivors (6144K)
 Metaspace       used 20564K, capacity 21000K, committed 21296K, reserved 1069056K
  class space    used 2412K, capacity 2640K, committed 2688K, reserved 1048576K
}
Event: 2.744 GC heap before
{Heap before GC invocations=3 (full 0):
 garbage-first heap   total 131072K, used 56023K [0x0000000780000000, 0x0000000800000000)
  region size 1024K, 56 young (57344K), 6 survivors (6144K)
 Metaspace       used 34786K, capacity 35423K, committed 35920K, reserved 1081344K
  class space    used 4276K, capacity 4523K, committed 4608K, reserved 1048576K
}
Event: 2.754 GC heap after
{Heap after GC invocations=4 (full 0):
 garbage-first heap   total 131072K, used 9468K [0x0000000780000000, 0x0000000800000000)
  region size 1024K, 8 young (8192K), 8 survivors (8192K)
 Metaspace       used 34786K, capacity 35423K, committed 35920K, reserved 1081344K
  class space    used 4276K, capacity 4523K, committed 4608K, reserved 1048576K
}
Event: 5.140 GC heap before
{Heap before GC invocations=5 (full 0):
 garbage-first heap   total 131072K, used 79100K [0x0000000780000000, 0x0000000800000000)
  region size 1024K, 76 young (77824K), 8 survivors (8192K)
 Metaspace       used 53106K, capacity 54385K, committed 54736K, reserved 1097728K
  class space    used 6712K, capacity 7246K, committed 7296K, reserved 1048576K
}
Event: 5.157 GC heap after
{Heap after GC invocations=6 (full 0):
 garbage-first heap   total 131072K, used 16111K [0x0000000780000000, 0x0000000800000000)
  region size 1024K, 9 young (9216K), 9 survivors (9216K)
 Metaspace       used 53106K, capacity 54385K, committed 54736K, reserved 1097728K
  class space    used 6712K, capacity 7246K, committed 7296K, reserved 1048576K
}

